<?xml version="1.0" encoding="UTF-8"?>
<testng-results ignored="0" total="0" passed="0" failed="0" skipped="0">
  <reporter-output>
  </reporter-output>
  <suite started-at="2022-11-30T21:23:27 CET" name="Default Suite" finished-at="2022-11-30T21:23:27 CET" duration-ms="21">
    <groups>
    </groups>
    <test started-at="2022-11-30T21:23:27 CET" name="RestAssured" finished-at="2022-11-30T21:23:27 CET" duration-ms="21">
    </test> <!-- RestAssured -->
  </suite> <!-- Default Suite -->
</testng-results>
